<?xml version="1.0" encoding="UTF-8"?>
<!-- Generated by org.testng.reporters.JUnitReportReporter -->
<testsuite hostname="Sais-MacBook-Air.local" failures="0" tests="1" name="Tests.TopTeamsList" time="4.077" errors="0" timestamp="2021-05-18T17:24:32 EDT" skipped="0">
  <testcase classname="Tests.TopTeamsList" name="topTenTeams" time="4.077"/>
  <system-out/>
</testsuite> <!-- Tests.TopTeamsList -->
