<?xml version="1.0" encoding="UTF-8"?>
<!-- Generated by org.testng.reporters.JUnitReportReporter -->
<testsuite hostname="Sais-MacBook-Air.local" failures="0" tests="1" name="Tests.TopPlayersList" time="4.364" errors="0" timestamp="2021-05-18T17:15:36 EDT" skipped="0">
  <testcase classname="Tests.TopPlayersList" name="topTenPlayers" time="4.364"/>
  <system-out/>
</testsuite> <!-- Tests.TopPlayersList -->
