<?xml version="1.0" encoding="UTF-8"?>
<!-- Generated by org.testng.reporters.JUnitReportReporter -->
<testsuite hostname="Sais-MacBook-Air.local" failures="0" tests="2" name="Tests.PositionsTests" time="6.252" errors="0" timestamp="2021-05-17T10:32:14 EDT" skipped="0">
  <testcase classname="Tests.PositionsTests" name="topTenPlayers" time="4.991"/>
  <system-out/>
  <testcase classname="Tests.PositionsTests" name="topTenTeams" time="1.261"/>
  <system-out/>
</testsuite> <!-- Tests.PositionsTests -->
